<?xml version="1.0" encoding="UTF-8"?>
<!-- Generated by org.testng.reporters.JUnitXMLReporter -->
<testsuite ignored="2" hostname="DESKTOP-A0CUSVH" failures="1" tests="2" name="Command line test" time="4.357" errors="0" timestamp="2023-07-11T13:02:03 ICT">
  <testcase classname="com.datgiacdau.testcases.SignlnTest" name="see" time="0.002"/>
  <testcase classname="com.datgiacdau.testcases.SignlnTest" name="signIn" time="0.003">
    <failure type="java.lang.NullPointerException" message="Cannot invoke &amp;quot;org.openqa.selenium.WebDriver.findElement(org.openqa.selenium.By)&amp;quot; because &amp;quot;this.driver&amp;quot; is null">
      <![CDATA[java.lang.NullPointerException: Cannot invoke "org.openqa.selenium.WebDriver.findElement(org.openqa.selenium.By)" because "this.driver" is null
at com.datgiacdau.pages.SignInPage.enterUsername(SignInPage.java:32)
at com.datgiacdau.pages.SignInPage.signin(SignInPage.java:44)
at com.datgiacdau.testcases.SignlnTest.signIn(SignlnTest.java:30)
at java.base/java.util.ArrayList.forEach(ArrayList.java:1511)
... Removed 33 stack frames]]>
    </failure>
  </testcase> <!-- signIn -->
  <testcase classname="com.datgiacdau.base.BaseSetup" name="@BeforeTest setup" time="0.0">
    <ignored/>
  </testcase> <!-- @BeforeTest setup -->
  <testcase classname="com.datgiacdau.base.BaseSetup" name="@AfterTest shutdown" time="0.0">
    <ignored/>
  </testcase> <!-- @AfterTest shutdown -->
</testsuite> <!-- Command line test -->
