<?xml version="1.0" encoding="UTF-8"?>
<testng-results ignored="0" total="1" passed="1" failed="0" skipped="0">
  <reporter-output>
  </reporter-output>
  <suite started-at="2023-07-12T00:57:37 ICT" name="com.datgiacdau.testcases.SignlnTest" finished-at="2023-07-12T00:57:46 ICT" duration-ms="8288">
    <groups>
    </groups>
    <test started-at="2023-07-12T00:57:37 ICT" name="Command line test" finished-at="2023-07-12T00:57:46 ICT" duration-ms="8288">
      <class name="com.datgiacdau.testcases.SignlnTest">
        <test-method is-config="true" signature="setup()[pri:0, instance:com.datgiacdau.testcases.SignlnTest@475e586c]" started-at="2023-07-12T00:57:37 ICT" name="setup" finished-at="2023-07-12T00:57:40 ICT" duration-ms="2425" status="PASS">
          <reporter-output>
          </reporter-output>
        </test-method> <!-- setup -->
        <test-method is-config="true" signature="setUp()[pri:0, instance:com.datgiacdau.testcases.SignlnTest@475e586c]" started-at="2023-07-12T00:57:40 ICT" name="setUp" finished-at="2023-07-12T00:57:40 ICT" duration-ms="0" status="PASS">
          <reporter-output>
          </reporter-output>
        </test-method> <!-- setUp -->
        <test-method signature="signIn2()[pri:0, instance:com.datgiacdau.testcases.SignlnTest@475e586c]" started-at="2023-07-12T00:57:40 ICT" name="signIn2" finished-at="2023-07-12T00:57:44 ICT" duration-ms="4627" status="PASS">
          <reporter-output>
          </reporter-output>
        </test-method> <!-- signIn2 -->
        <test-method is-config="true" signature="shutdown()[pri:0, instance:com.datgiacdau.testcases.SignlnTest@475e586c]" started-at="2023-07-12T00:57:44 ICT" name="shutdown" finished-at="2023-07-12T00:57:46 ICT" duration-ms="1187" status="PASS">
          <reporter-output>
          </reporter-output>
        </test-method> <!-- shutdown -->
      </class> <!-- com.datgiacdau.testcases.SignlnTest -->
    </test> <!-- Command line test -->
  </suite> <!-- com.datgiacdau.testcases.SignlnTest -->
</testng-results>
